-------------------------------------------------------------------------------
Test set: com.planetpayement.csv.test.OrderControllerTest
-------------------------------------------------------------------------------
Tests run: 4, Failures: 2, Errors: 0, Skipped: 0, Time elapsed: 5.104 s <<< FAILURE! - in com.planetpayement.csv.test.OrderControllerTest
testUploadCSVFile_Success  Time elapsed: 2.064 s  <<< FAILURE!
java.lang.AssertionError: Status expected:<200> but was:<400>
	at com.planetpayement.csv.test.OrderControllerTest.testUploadCSVFile_Success(OrderControllerTest.java:46)

testUploadCSVFile_Failure  Time elapsed: 0.221 s  <<< FAILURE!
java.lang.AssertionError: Status expected:<500> but was:<400>
	at com.planetpayement.csv.test.OrderControllerTest.testUploadCSVFile_Failure(OrderControllerTest.java:59)

