<?xml version="1.0" encoding="UTF-8"?>
<testsuite xmlns:xsi="http://www.w3.org/2001/XMLSchema-instance" xsi:noNamespaceSchemaLocation="https://maven.apache.org/surefire/maven-surefire-plugin/xsd/surefire-test-report.xsd" name="com.planetpayement.csv.test.OrderControllerTest" time="5.104" tests="4" errors="0" skipped="0" failures="2">
  <properties>
[...]
</properties>
  <testcase name="testUploadCSVFile_Success" classname="com.planetpayement.csv.test.OrderControllerTest" time="2.064">
    <failure message="Status expected:&lt;200&gt; but was:&lt;400&gt;" type="java.lang.AssertionError"><![CDATA[java.lang.AssertionError: Status expected:<200> but was:<400>
	at com.planetpayement.csv.test.OrderControllerTest.testUploadCSVFile_Success(OrderControllerTest.java:46)
]]></failure>
    <system-out><![CDATA[2023-06-27 12:29:25.434  INFO 7408 --- [           main] .b.t.c.SpringBootTestContextBootstrapper : Neither @ContextConfiguration nor @ContextHierarchy found for test class [com.planetpayement.csv.test.OrderControllerTest], using SpringBootContextLoader
2023-06-27 12:29:25.438  INFO 7408 --- [           main] o.s.t.c.support.AbstractContextLoader    : Could not detect default resource locations for test class [com.planetpayement.csv.test.OrderControllerTest]: no resource found for suffixes {-context.xml, Context.groovy}.
2023-06-27 12:29:25.439  INFO 7408 --- [           main] t.c.s.AnnotationConfigContextLoaderUtils : Could not detect default configuration classes for test class [com.planetpayement.csv.test.OrderControllerTest]: OrderControllerTest does not declare any static, non-private, non-final, nested classes annotated with @Configuration.
2023-06-27 12:29:25.525  INFO 7408 --- [           main] .b.t.c.SpringBootTestContextBootstrapper : Found @SpringBootConfiguration com.planetpayement.csv.CsvFileReadApplication for test class com.planetpayement.csv.test.OrderControllerTest
2023-06-27 12:29:25.537  INFO 7408 --- [           main] .b.t.c.SpringBootTestContextBootstrapper : Loaded default TestExecutionListener class names from location [META-INF/spring.factories]: [org.springframework.boot.test.mock.mockito.MockitoTestExecutionListener, org.springframework.boot.test.mock.mockito.ResetMocksTestExecutionListener, org.springframework.boot.test.autoconfigure.restdocs.RestDocsTestExecutionListener, org.springframework.boot.test.autoconfigure.web.client.MockRestServiceServerResetTestExecutionListener, org.springframework.boot.test.autoconfigure.web.servlet.MockMvcPrintOnlyOnFailureTestExecutionListener, org.springframework.boot.test.autoconfigure.web.servlet.WebDriverTestExecutionListener, org.springframework.boot.test.autoconfigure.webservices.client.MockWebServiceServerTestExecutionListener, org.springframework.test.context.web.ServletTestExecutionListener, org.springframework.test.context.support.DirtiesContextBeforeModesTestExecutionListener, org.springframework.test.context.event.ApplicationEventsTestExecutionListener, org.springframework.test.context.support.DependencyInjectionTestExecutionListener, org.springframework.test.context.support.DirtiesContextTestExecutionListener, org.springframework.test.context.transaction.TransactionalTestExecutionListener, org.springframework.test.context.jdbc.SqlScriptsTestExecutionListener, org.springframework.test.context.event.EventPublishingTestExecutionListener]
2023-06-27 12:29:25.543  INFO 7408 --- [           main] .b.t.c.SpringBootTestContextBootstrapper : Using TestExecutionListeners: [org.springframework.test.context.web.ServletTestExecutionListener@755033c5, org.springframework.test.context.support.DirtiesContextBeforeModesTestExecutionListener@229c4d34, org.springframework.test.context.event.ApplicationEventsTestExecutionListener@5b49b1df, org.springframework.boot.test.mock.mockito.MockitoTestExecutionListener@689eab53, org.springframework.boot.test.autoconfigure.SpringBootDependencyInjectionTestExecutionListener@1c24639e, org.springframework.test.context.support.DirtiesContextTestExecutionListener@5c9168c3, org.springframework.test.context.transaction.TransactionalTestExecutionListener@4ac0fdc7, org.springframework.test.context.jdbc.SqlScriptsTestExecutionListener@571903ff, org.springframework.test.context.event.EventPublishingTestExecutionListener@689ea211, org.springframework.boot.test.mock.mockito.ResetMocksTestExecutionListener@3f1e18b1, org.springframework.boot.test.autoconfigure.restdocs.RestDocsTestExecutionListener@727de450, org.springframework.boot.test.autoconfigure.web.client.MockRestServiceServerResetTestExecutionListener@6de4071b, org.springframework.boot.test.autoconfigure.web.servlet.MockMvcPrintOnlyOnFailureTestExecutionListener@7077ae9c, org.springframework.boot.test.autoconfigure.web.servlet.WebDriverTestExecutionListener@3fe3ebb3, org.springframework.boot.test.autoconfigure.webservices.client.MockWebServiceServerTestExecutionListener@22a1d77b]

  .   ____          _            __ _ _
 /\\ / ___'_ __ _ _(_)_ __  __ _ \ \ \ \
( ( )\___ | '_ | '_| | '_ \/ _` | \ \ \ \
 \\/  ___)| |_)| | | | | || (_| |  ) ) ) )
  '  |____| .__|_| |_|_| |_\__, | / / / /
 =========|_|==============|___/=/_/_/_/
 :: Spring Boot ::      (v2.7.14-SNAPSHOT)

2023-06-27 12:29:25.700  INFO 7408 --- [           main] c.p.csv.test.OrderControllerTest         : Starting OrderControllerTest using Java 17.0.1 on DESKTOP-PRTHOAU with PID 7408 (started by Compu in E:\Microservices Workspace\CSV_File_Read)
2023-06-27 12:29:25.702  INFO 7408 --- [           main] c.p.csv.test.OrderControllerTest         : The following 1 profile is active: "test"
2023-06-27 12:29:26.193  INFO 7408 --- [           main] .s.d.r.c.RepositoryConfigurationDelegate : Bootstrapping Spring Data JPA repositories in DEFAULT mode.
2023-06-27 12:29:26.219  INFO 7408 --- [           main] .s.d.r.c.RepositoryConfigurationDelegate : Finished Spring Data repository scanning in 24 ms. Found 1 JPA repository interfaces.
2023-06-27 12:29:26.569  INFO 7408 --- [           main] o.hibernate.jpa.internal.util.LogHelper  : HHH000204: Processing PersistenceUnitInfo [name: default]
2023-06-27 12:29:26.583  INFO 7408 --- [           main] com.zaxxer.hikari.HikariDataSource       : HikariPool-2 - Starting...
2023-06-27 12:29:26.619  INFO 7408 --- [           main] com.zaxxer.hikari.HikariDataSource       : HikariPool-2 - Start completed.
2023-06-27 12:29:26.619  INFO 7408 --- [           main] org.hibernate.dialect.Dialect            : HHH000400: Using dialect: org.hibernate.dialect.Oracle10gDialect
2023-06-27 12:29:26.780  INFO 7408 --- [           main] o.h.e.t.j.p.i.JtaPlatformInitiator       : HHH000490: Using JtaPlatform implementation: [org.hibernate.engine.transaction.jta.platform.internal.NoJtaPlatform]
2023-06-27 12:29:26.781  INFO 7408 --- [           main] j.LocalContainerEntityManagerFactoryBean : Initialized JPA EntityManagerFactory for persistence unit 'default'
2023-06-27 12:29:28.240  INFO 7408 --- [           main] o.s.b.t.m.w.SpringBootMockServletContext : Initializing Spring TestDispatcherServlet ''
2023-06-27 12:29:28.241  INFO 7408 --- [           main] o.s.t.web.servlet.TestDispatcherServlet  : Initializing Servlet ''
2023-06-27 12:29:28.243  INFO 7408 --- [           main] o.s.t.web.servlet.TestDispatcherServlet  : Completed initialization in 2 ms
2023-06-27 12:29:28.276  INFO 7408 --- [           main] c.p.csv.test.OrderControllerTest         : Started OrderControllerTest in 2.717 seconds (JVM running for 17.179)
Please upload a csv file!

MockHttpServletRequest:
      HTTP Method = POST
      Request URI = /api/v1.1/uploadfile
       Parameters = {}
          Headers = [Content-Type:"multipart/form-data;charset=UTF-8"]
             Body = null
    Session Attrs = {}

Handler:
             Type = com.planetpayement.csv.Controller.CSVparseController
           Method = com.planetpayement.csv.Controller.CSVparseController#uploadFile(MultipartFile)

Async:
    Async started = false
     Async result = null

Resolved Exception:
             Type = null

ModelAndView:
        View name = null
             View = null
            Model = null

FlashMap:
       Attributes = null

MockHttpServletResponse:
           Status = 400
    Error message = null
          Headers = [Content-Type:"application/json"]
     Content type = application/json
             Body = {"message":"Please upload a csv file!"}
    Forwarded URL = null
   Redirected URL = null
          Cookies = []
]]></system-out>
  </testcase>
  <testcase name="testUploadCSVFile_Failure" classname="com.planetpayement.csv.test.OrderControllerTest" time="0.221">
    <failure message="Status expected:&lt;500&gt; but was:&lt;400&gt;" type="java.lang.AssertionError"><![CDATA[java.lang.AssertionError: Status expected:<500> but was:<400>
	at com.planetpayement.csv.test.OrderControllerTest.testUploadCSVFile_Failure(OrderControllerTest.java:59)
]]></failure>
    <system-out><![CDATA[Please upload a csv file!

MockHttpServletRequest:
      HTTP Method = POST
      Request URI = /api/v1.1/uploadfile
       Parameters = {}
          Headers = [Content-Type:"multipart/form-data;charset=UTF-8"]
             Body = null
    Session Attrs = {}

Handler:
             Type = com.planetpayement.csv.Controller.CSVparseController
           Method = com.planetpayement.csv.Controller.CSVparseController#uploadFile(MultipartFile)

Async:
    Async started = false
     Async result = null

Resolved Exception:
             Type = null

ModelAndView:
        View name = null
             View = null
            Model = null

FlashMap:
       Attributes = null

MockHttpServletResponse:
           Status = 400
    Error message = null
          Headers = [Content-Type:"application/json"]
     Content type = application/json
             Body = {"message":"Please upload a csv file!"}
    Forwarded URL = null
   Redirected URL = null
          Cookies = []
]]></system-out>
  </testcase>
  <testcase name="testCountryAvailability_Positive" classname="com.planetpayement.csv.test.OrderControllerTest" time="0.014"/>
  <testcase name="testCountryAvailability_Negative" classname="com.planetpayement.csv.test.OrderControllerTest" time="0.008"/>
</testsuite>